<?xml version="1.0" encoding="UTF-8"?>
<testsuite name="com.movile.Test1.BO.PersonBOTest" tests="1" skipped="0" failures="0" errors="0" timestamp="2016-03-07T14:40:44" hostname="note-318" time="59.056">
  <properties/>
  <testcase name="testFindById" classname="com.movile.Test1.BO.PersonBOTest" time="59.056"/>
  <system-out><![CDATA[]]></system-out>
  <system-err><![CDATA[]]></system-err>
</testsuite>
