<?xml version="1.0" encoding="UTF-8"?>
<testsuite name="com.movile.Test1.WS.PersonWSTest" tests="1" skipped="0" failures="0" errors="0" timestamp="2016-03-07T14:41:44" hostname="note-318" time="0.001">
  <properties/>
  <testcase name="testFindById" classname="com.movile.Test1.WS.PersonWSTest" time="0.001"/>
  <system-out><![CDATA[]]></system-out>
  <system-err><![CDATA[]]></system-err>
</testsuite>
